**********************
Windows PowerShell transcript start
Start time: 20200119143126
Username: WIN-PBHSNT030AC\Administrator
RunAs User: WIN-PBHSNT030AC\Administrator
Configuration Name: 
Machine: WIN-PBHSNT030AC (Microsoft Windows NT 10.0.17763.0)
Host Application: C:\Windows\System32\WindowsPowerShell\v1.0\powershell.exe -version 5.0 -executionpolicy bypass -windowstyle normal -file .\NPlusMiner.ps1
Process ID: 9232
PSVersion: 5.1.17763.771
PSEdition: Desktop
PSCompatibleVersions: 1.0, 2.0, 3.0, 4.0, 5.0, 5.1.17763.771
BuildVersion: 10.0.17763.771
CLRVersion: 4.0.30319.42000
WSManStackVersion: 3.0
PSRemotingProtocolVersion: 2.3
SerializationVersion: 1.1.0.1
**********************

Path
----
D:\NPlusMiner\BrainPlus\zpoolplus


10051
11289
53 -- 01/19/2020 13:30:01 -- 01/19/2020 14:31:27 -- 01/19/2020 14:31:27 -- 62.45911468 -- 50 -- 8.0674553
54 -- 01/19/2020 13:30:01 -- 01/19/2020 14:32:00 -- 01/19/2020 14:32:00 -- 61.986877965 -- 50 -- 8.0782477
54 -- 01/19/2020 13:31:00 -- 01/19/2020 14:33:00 -- 01/19/2020 14:33:00 -- 62.986280265 -- 50 -- 8.8437221
54 -- 01/19/2020 13:32:00 -- 01/19/2020 14:34:00 -- 01/19/2020 14:34:00 -- 63.0002980783333 -- 50 -- 9.5293399
54 -- 01/19/2020 13:33:00 -- 01/19/2020 14:35:00 -- 01/19/2020 14:35:00 -- 63.0143788433333 -- 50 -- 12.931864
54 -- 01/19/2020 13:34:00 -- 01/19/2020 14:36:00 -- 01/19/2020 14:36:00 -- 62.989723685 -- 50 -- 9.1175422
54 -- 01/19/2020 13:35:00 -- 01/19/2020 14:37:00 -- 01/19/2020 14:37:00 -- 63.0007998733333 -- 50 -- 8.045842
54 -- 01/19/2020 13:36:00 -- 01/19/2020 14:38:00 -- 01/19/2020 14:38:00 -- 62.99597565 -- 50 -- 8.9584232
54 -- 01/19/2020 13:37:00 -- 01/19/2020 14:39:00 -- 01/19/2020 14:39:00 -- 62.9902555166667 -- 50 -- 9.2567973
54 -- 01/19/2020 13:38:00 -- 01/19/2020 14:40:00 -- 01/19/2020 14:40:00 -- 63.0067443216667 -- 50 -- 11.0070778
54 -- 01/19/2020 13:39:00 -- 01/19/2020 14:41:00 -- 01/19/2020 14:41:00 -- 63.0000525666667 -- 50 -- 9.3337629
54 -- 01/19/2020 13:40:00 -- 01/19/2020 14:42:00 -- 01/19/2020 14:42:00 -- 62.996112325 -- 50 -- 10.657991
54 -- 01/19/2020 13:41:00 -- 01/19/2020 14:43:00 -- 01/19/2020 14:43:00 -- 62.986026045 -- 50 -- 8.5590412
54 -- 01/19/2020 13:42:01 -- 01/19/2020 14:44:00 -- 01/19/2020 14:44:00 -- 62.9982488466667 -- 50 -- 8.5699454
54 -- 01/19/2020 13:43:00 -- 01/19/2020 14:45:00 -- 01/19/2020 14:45:00 -- 62.996295555 -- 50 -- 10.5635446
54 -- 01/19/2020 13:44:00 -- 01/19/2020 14:46:00 -- 01/19/2020 14:46:00 -- 62.9996168616667 -- 50 -- 8.1433253
54 -- 01/19/2020 13:45:00 -- 01/19/2020 14:47:00 -- 01/19/2020 14:47:00 -- 62.9898173833333 -- 50 -- 8.5251902
54 -- 01/19/2020 13:46:00 -- 01/19/2020 14:48:00 -- 01/19/2020 14:48:00 -- 62.99608554 -- 50 -- 8.5097026
54 -- 01/19/2020 13:47:00 -- 01/19/2020 14:49:00 -- 01/19/2020 14:49:00 -- 63.0007517883333 -- 50 -- 8.3746092
54 -- 01/19/2020 13:48:00 -- 01/19/2020 14:50:00 -- 01/19/2020 14:50:00 -- 63.0030869 -- 50 -- 9.0202214
54 -- 01/19/2020 13:49:00 -- 01/19/2020 14:51:00 -- 01/19/2020 14:51:00 -- 62.9945298266667 -- 50 -- 10.1781523
